{
  "RSpec": {
    "coverage": {
      "/Users/danieladdington/Projects/wdi/week_7/activityfinder/config/environment.rb": [
        null,
        1,
        null,
        null,
        1
      ],
      "/Users/danieladdington/Projects/wdi/week_7/activityfinder/config/application.rb": [
        1,
        null,
        null,
        1,
        1,
        1,
        1,
        1,
        null,
        null,
        1,
        null,
        1,
        null,
        null,
        null,
        null,
        1,
        1,
        null,
        null,
        null,
        null,
        null,
        null,
        null,
        null,
        null,
        null,
        null,
        null,
        null,
        null,
        null,
        null,
        null,
        null,
        null,
        null,
        null,
        null,
        null,
        1,
        null,
        null,
        1,
        null,
        null,
        1,
        null,
        null,
        null,
        null,
        null,
        null,
        null,
        null,
        null,
        null,
        1,
        null,
        null,
        1,
        null,
        null,
        1,
        null,
        null,
        1,
        null,
        null
      ],
      "/Users/danieladdington/Projects/wdi/week_7/activityfinder/config/boot.rb": [
        1,
        null,
        null,
        1,
        null,
        1
      ],
      "/Users/danieladdington/Projects/wdi/week_7/activityfinder/config/environments/test.rb": [
        1,
        null,
        null,
        null,
        null,
        null,
        null,
        1,
        null,
        null,
        1,
        1,
        null,
        null,
        1,
        null,
        null,
        1,
        1,
        null,
        null,
        1,
        null,
        null,
        1,
        null,
        null,
        null,
        null,
        1,
        null,
        null,
        1,
        null,
        null,
        1,
        null
      ],
      "/Users/danieladdington/Projects/wdi/week_7/activityfinder/config/initializers/backtrace_silencers.rb": [
        null,
        null,
        null,
        null,
        null,
        null,
        null
      ],
      "/Users/danieladdington/Projects/wdi/week_7/activityfinder/config/initializers/devise.rb": [
        null,
        null,
        1,
        null,
        null,
        null,
        1,
        null,
        null,
        null,
        null,
        null,
        null,
        null,
        null,
        1,
        null,
        null,
        null,
        null,
        null,
        null,
        null,
        null,
        null,
        null,
        null,
        null,
        null,
        null,
        null,
        null,
        null,
        null,
        null,
        null,
        null,
        1,
        null,
        null,
        null,
        null,
        1,
        null,
        null,
        null,
        null,
        null,
        null,
        null,
        null,
        null,
        null,
        null,
        null,
        null,
        null,
        null,
        null,
        null,
        null,
        null,
        null,
        null,
        null,
        null,
        null,
        null,
        null,
        null,
        null,
        null,
        null,
        null,
        null,
        null,
        1,
        null,
        null,
        null,
        null,
        null,
        null,
        null,
        null,
        1,
        null,
        null,
        null,
        null,
        null,
        null,
        null,
        null,
        null,
        null,
        null,
        null,
        null,
        null,
        null,
        null,
        null,
        null,
        null,
        null,
        null,
        null,
        null,
        null,
        1,
        null,
        null,
        null,
        null,
        null,
        null,
        null,
        null,
        null,
        null,
        null,
        null,
        null,
        null,
        null,
        null,
        null,
        1,
        null,
        null,
        null,
        null,
        null,
        null,
        null,
        null,
        null,
        null,
        null,
        null,
        null,
        null,
        null,
        null,
        null,
        null,
        null,
        null,
        null,
        null,
        null,
        null,
        null,
        null,
        null,
        null,
        null,
        null,
        null,
        null,
        null,
        null,
        null,
        null,
        null,
        null,
        null,
        null,
        null,
        null,
        null,
        null,
        null,
        1,
        null,
        null,
        null,
        null,
        null,
        null,
        null,
        null,
        null,
        null,
        null,
        null,
        null,
        null,
        null,
        null,
        null,
        null,
        null,
        null,
        null,
        null,
        null,
        null,
        null,
        null,
        null,
        null,
        null,
        null,
        null,
        null,
        null,
        null,
        null,
        null,
        null,
        null,
        null,
        null,
        null,
        1,
        null,
        null,
        null,
        null,
        null,
        null,
        null,
        null,
        null,
        null,
        null,
        null,
        null,
        null,
        null,
        null,
        null,
        null,
        null,
        null,
        null,
        null,
        null,
        null,
        null,
        null,
        null,
        null,
        null
      ],
      "/Users/danieladdington/Projects/wdi/week_7/activityfinder/config/initializers/inflections.rb": [
        null,
        null,
        null,
        null,
        null,
        null,
        null,
        null,
        null,
        null,
        null,
        null,
        null,
        null,
        null
      ],
      "/Users/danieladdington/Projects/wdi/week_7/activityfinder/config/initializers/mime_types.rb": [
        null,
        null,
        null,
        null,
        null
      ],
      "/Users/danieladdington/Projects/wdi/week_7/activityfinder/config/initializers/secret_token.rb": [
        null,
        null,
        null,
        null,
        null,
        null,
        1
      ],
      "/Users/danieladdington/Projects/wdi/week_7/activityfinder/config/initializers/session_store.rb": [
        null,
        null,
        1,
        null,
        null,
        null,
        null,
        null
      ],
      "/Users/danieladdington/Projects/wdi/week_7/activityfinder/config/initializers/wrap_parameters.rb": [
        null,
        null,
        null,
        null,
        null,
        null,
        1,
        1,
        null,
        null,
        null,
        1,
        1,
        null
      ],
      "/Users/danieladdington/Projects/wdi/week_7/activityfinder/config/routes.rb": [
        1,
        1,
        null
      ],
      "/Users/danieladdington/Projects/wdi/week_7/activityfinder/app/controllers/application_controller.rb": [
        1,
        1,
        null,
        null
      ],
      "/Users/danieladdington/Projects/wdi/week_7/activityfinder/app/helpers/application_helper.rb": [
        1,
        null
      ],
      "/Users/danieladdington/Projects/wdi/week_7/activityfinder/app/helpers/activities_helper.rb": [
        1,
        null
      ],
      "/Users/danieladdington/Projects/wdi/week_7/activityfinder/app/helpers/users_helper.rb": [
        1,
        null
      ],
      "/Users/danieladdington/Projects/wdi/week_7/activityfinder/app/controllers/activities_controller.rb": [
        1,
        null,
        1,
        null,
        null,
        1,
        0,
        0,
        0,
        0,
        null,
        null,
        null
      ],
      "/Users/danieladdington/Projects/wdi/week_7/activityfinder/app/models/activity.rb": [
        null,
        null,
        null,
        null,
        null,
        null,
        null,
        null,
        null,
        null,
        null,
        null,
        null,
        null,
        null,
        1,
        null,
        1,
        1,
        1,
        1,
        null,
        1,
        null,
        1,
        0,
        0,
        0,
        0,
        null,
        null,
        null
      ],
      "/Users/danieladdington/Projects/wdi/week_7/activityfinder/app/controllers/users_controller.rb": [
        1,
        null,
        null,
        null
      ],
      "/Users/danieladdington/Projects/wdi/week_7/activityfinder/app/models/user.rb": [
        null,
        null,
        null,
        null,
        null,
        null,
        null,
        null,
        null,
        null,
        null,
        null,
        null,
        1,
        1,
        null,
        1,
        1,
        1,
        null,
        1,
        null
      ],
      "/Users/danieladdington/Projects/wdi/week_7/activityfinder/app/models/comment.rb": [
        null,
        null,
        null,
        null,
        null,
        null,
        null,
        null,
        null,
        null,
        null,
        null,
        1,
        1,
        1,
        null,
        1,
        null
      ],
      "/Users/danieladdington/Projects/wdi/week_7/activityfinder/app/models/membership.rb": [
        null,
        null,
        null,
        null,
        null,
        null,
        null,
        null,
        null,
        null,
        null,
        null,
        1,
        1,
        1,
        null,
        1,
        null
      ],
      "/Users/danieladdington/Projects/wdi/week_7/activityfinder/spec/factories/activities.rb": [
        null,
        null,
        1,
        1,
        18,
        1,
        18,
        null,
        null
      ],
      "/Users/danieladdington/Projects/wdi/week_7/activityfinder/spec/factories/comments.rb": [
        null,
        null,
        1,
        1,
        1,
        1,
        1,
        null,
        null
      ],
      "/Users/danieladdington/Projects/wdi/week_7/activityfinder/spec/factories/memberships.rb": [
        null,
        null,
        1,
        1,
        null,
        null
      ],
      "/Users/danieladdington/Projects/wdi/week_7/activityfinder/spec/factories/users.rb": [
        null,
        null,
        1,
        1,
        30,
        30,
        30,
        30,
        null,
        null
      ],
      "/Users/danieladdington/Projects/wdi/week_7/activityfinder/spec/controllers/users_controller_spec.rb": [
        1,
        null,
        1,
        null,
        null
      ],
      "/Users/danieladdington/Projects/wdi/week_7/activityfinder/spec/helpers/activities_helper_spec.rb": [
        1,
        null,
        null,
        null,
        null,
        null,
        null,
        null,
        null,
        null,
        null,
        null,
        1,
        1,
        null
      ],
      "/Users/danieladdington/Projects/wdi/week_7/activityfinder/spec/helpers/users_helper_spec.rb": [
        1,
        null,
        null,
        null,
        null,
        null,
        null,
        null,
        null,
        null,
        null,
        null,
        1,
        1,
        null
      ],
      "/Users/danieladdington/Projects/wdi/week_7/activityfinder/spec/models/activity_spec.rb": [
        null,
        null,
        null,
        null,
        null,
        null,
        null,
        null,
        null,
        null,
        null,
        null,
        null,
        null,
        null,
        1,
        null,
        1,
        1,
        1,
        5,
        5,
        5,
        null,
        null,
        null,
        2,
        2,
        2,
        2,
        null,
        1,
        1,
        null,
        null,
        null,
        null
      ],
      "/Users/danieladdington/Projects/wdi/week_7/activityfinder/spec/models/comment_spec.rb": [
        null,
        null,
        null,
        null,
        null,
        null,
        null,
        null,
        null,
        null,
        null,
        null,
        1,
        null,
        1,
        1,
        null
      ],
      "/Users/danieladdington/Projects/wdi/week_7/activityfinder/spec/models/membership_spec.rb": [
        null,
        null,
        null,
        null,
        null,
        null,
        null,
        null,
        null,
        null,
        null,
        null,
        1,
        null,
        1,
        1,
        null
      ],
      "/Users/danieladdington/Projects/wdi/week_7/activityfinder/spec/models/user_spec.rb": [
        null,
        null,
        null,
        null,
        null,
        null,
        null,
        null,
        null,
        null,
        null,
        null,
        null,
        1,
        null,
        1,
        1,
        1,
        12,
        12,
        12,
        null,
        null,
        null,
        2,
        null,
        2,
        null,
        2,
        null,
        1,
        1,
        null,
        null,
        1,
        1,
        1,
        1,
        1,
        null,
        null,
        1,
        1,
        null,
        null,
        1,
        null,
        null,
        1,
        null,
        null,
        1,
        null,
        null,
        1,
        null,
        null,
        1,
        null,
        null,
        null,
        null,
        1,
        null,
        null,
        null,
        null,
        null,
        null,
        1,
        1,
        1,
        null,
        null,
        1,
        1,
        null,
        null,
        null
      ]
    },
    "timestamp": 1375430161
  }
}
